c:\users\wrfar\source\repos\gamesprogramming2assignment\warpbound\hornet\x64\release\vc143.pdb
c:\users\wrfar\source\repos\gamesprogramming2assignment\warpbound\hornet\x64\release\objectmanager.obj
c:\users\wrfar\source\repos\gamesprogramming2assignment\warpbound\hornet\x64\release\main.obj
c:\users\wrfar\source\repos\gamesprogramming2assignment\warpbound\hornet\x64\release\settings.obj
c:\users\wrfar\source\repos\gamesprogramming2assignment\warpbound\hornet\x64\release\planet.obj
c:\users\wrfar\source\repos\gamesprogramming2assignment\warpbound\hornet\x64\release\htmouse.obj
c:\users\wrfar\source\repos\gamesprogramming2assignment\warpbound\hornet\x64\release\htkeyboard.obj
c:\users\wrfar\source\repos\gamesprogramming2assignment\warpbound\hornet\x64\release\htgraphics.obj
c:\users\wrfar\source\repos\gamesprogramming2assignment\warpbound\hornet\x64\release\htgamecontroller.obj
c:\users\wrfar\source\repos\gamesprogramming2assignment\warpbound\hornet\x64\release\htcamera.obj
c:\users\wrfar\source\repos\gamesprogramming2assignment\warpbound\hornet\x64\release\htaudio.obj
c:\users\wrfar\source\repos\gamesprogramming2assignment\warpbound\hornet\x64\release\hornetmenus.obj
c:\users\wrfar\source\repos\gamesprogramming2assignment\warpbound\hornet\x64\release\hornetapp.obj
c:\users\wrfar\source\repos\gamesprogramming2assignment\warpbound\hornet\x64\release\gametimer.obj
c:\users\wrfar\source\repos\gamesprogramming2assignment\warpbound\hornet\x64\release\gameobject.obj
c:\users\wrfar\source\repos\gamesprogramming2assignment\warpbound\hornet\x64\release\game.obj
c:\users\wrfar\source\repos\gamesprogramming2assignment\warpbound\hornet\x64\release\event.obj
c:\users\wrfar\source\repos\gamesprogramming2assignment\warpbound\hornet\x64\release\errorlogger.obj
c:\users\wrfar\source\repos\gamesprogramming2assignment\warpbound\hornet\x64\release\animator.obj
c:\users\wrfar\source\repos\gamesprogramming2assignment\warpbound\hornet\x64\release\angle.obj
c:\users\wrfar\source\repos\gamesprogramming2assignment\warpbound\hornet\x64\release\vector2d.obj
c:\users\wrfar\source\repos\gamesprogramming2assignment\warpbound\hornet\x64\release\spacestation.obj
c:\users\wrfar\source\repos\gamesprogramming2assignment\warpbound\hornet\x64\release\spaceship.obj
c:\users\wrfar\source\repos\gamesprogramming2assignment\warpbound\hornet\x64\release\shapes.obj
c:\users\wrfar\source\repos\gamesprogramming2assignment\warpbound\hornet\x64\release\galaxy.obj
c:\users\wrfar\source\repos\gamesprogramming2assignment\warpbound\hornet\x64\release\enemy.obj
c:\users\wrfar\source\repos\gamesprogramming2assignment\warpbound\hornet\x64\release\cursor.obj
c:\users\wrfar\source\repos\gamesprogramming2assignment\warpbound\hornet\x64\release\counter.obj
c:\users\wrfar\source\repos\gamesprogramming2assignment\warpbound\hornet\x64\release\button.obj
c:\users\wrfar\source\repos\gamesprogramming2assignment\warpbound\hornet\x64\release\bullet.obj
c:\users\wrfar\source\repos\gamesprogramming2assignment\warpbound\hornet\x64\release\spaceshipweapon.obj
c:\users\wrfar\source\repos\gamesprogramming2assignment\warpbound\hornet\x64\release\slidingbar.obj
c:\users\wrfar\source\repos\gamesprogramming2assignment\warpbound\hornet\x64\release\shopitem.obj
c:\users\wrfar\source\repos\gamesprogramming2assignment\warpbound\hornet\x64\release\shop.obj
c:\users\wrfar\source\repos\gamesprogramming2assignment\warpbound\hornet\x64\release\projectile.obj
c:\users\wrfar\source\repos\gamesprogramming2assignment\warpbound\hornet\x64\release\missilelauncher.obj
c:\users\wrfar\source\repos\gamesprogramming2assignment\warpbound\hornet\x64\release\missile.obj
c:\users\wrfar\source\repos\gamesprogramming2assignment\warpbound\hornet\x64\release\maingun.obj
c:\users\wrfar\source\repos\gamesprogramming2assignment\warpbound\hornet\x64\release\hudfont.obj
c:\users\wrfar\source\repos\gamesprogramming2assignment\warpbound\hornet\x64\release\hudelement.obj
c:\users\wrfar\source\repos\gamesprogramming2assignment\warpbound\hornet\x64\release\hud.obj
c:\users\wrfar\source\repos\gamesprogramming2assignment\warpbound\hornet\x64\release\hudanchors.obj
c:\users\wrfar\source\repos\gamesprogramming2assignment\warpbound\x64\release\hornet.exe
c:\users\wrfar\source\repos\gamesprogramming2assignment\warpbound\x64\release\hornet.pdb
c:\users\wrfar\source\repos\gamesprogramming2assignment\warpbound\hornet\x64\release\hornet.ipdb
c:\users\wrfar\source\repos\gamesprogramming2assignment\warpbound\hornet\x64\release\hornet.iobj
c:\users\wrfar\source\repos\gamesprogramming2assignment\warpbound\hornet\x64\release\level.obj
c:\users\wrfar\source\repos\gamesprogramming2assignment\warpbound\hornet\x64\release\hornet.tlog\cl.command.1.tlog
c:\users\wrfar\source\repos\gamesprogramming2assignment\warpbound\hornet\x64\release\hornet.tlog\cl.items.tlog
c:\users\wrfar\source\repos\gamesprogramming2assignment\warpbound\hornet\x64\release\hornet.tlog\cl.read.1.tlog
c:\users\wrfar\source\repos\gamesprogramming2assignment\warpbound\hornet\x64\release\hornet.tlog\cl.write.1.tlog
c:\users\wrfar\source\repos\gamesprogramming2assignment\warpbound\hornet\x64\release\hornet.tlog\link.command.1.tlog
c:\users\wrfar\source\repos\gamesprogramming2assignment\warpbound\hornet\x64\release\hornet.tlog\link.read.1.tlog
c:\users\wrfar\source\repos\gamesprogramming2assignment\warpbound\hornet\x64\release\hornet.tlog\link.secondary.1.tlog
c:\users\wrfar\source\repos\gamesprogramming2assignment\warpbound\hornet\x64\release\hornet.tlog\link.write.1.tlog
