c:\users\wrfar\source\repos\gamesprogramming2assignment\warpbound\hornet\x64\debug\vc143.pdb
c:\users\wrfar\source\repos\gamesprogramming2assignment\warpbound\hornet\x64\debug\vc143.idb
c:\users\wrfar\source\repos\gamesprogramming2assignment\warpbound\hornet\x64\debug\htkeyboard.obj
c:\users\wrfar\source\repos\gamesprogramming2assignment\warpbound\hornet\x64\debug\htgraphics.obj
c:\users\wrfar\source\repos\gamesprogramming2assignment\warpbound\hornet\x64\debug\htgamecontroller.obj
c:\users\wrfar\source\repos\gamesprogramming2assignment\warpbound\hornet\x64\debug\htcamera.obj
c:\users\wrfar\source\repos\gamesprogramming2assignment\warpbound\hornet\x64\debug\htaudio.obj
c:\users\wrfar\source\repos\gamesprogramming2assignment\warpbound\hornet\x64\debug\hornetmenus.obj
c:\users\wrfar\source\repos\gamesprogramming2assignment\warpbound\hornet\x64\debug\hornetapp.obj
c:\users\wrfar\source\repos\gamesprogramming2assignment\warpbound\hornet\x64\debug\gametimer.obj
c:\users\wrfar\source\repos\gamesprogramming2assignment\warpbound\hornet\x64\debug\gameobject.obj
c:\users\wrfar\source\repos\gamesprogramming2assignment\warpbound\hornet\x64\debug\game.obj
c:\users\wrfar\source\repos\gamesprogramming2assignment\warpbound\hornet\x64\debug\galaxy.obj
c:\users\wrfar\source\repos\gamesprogramming2assignment\warpbound\hornet\x64\debug\event.obj
c:\users\wrfar\source\repos\gamesprogramming2assignment\warpbound\hornet\x64\debug\errorlogger.obj
c:\users\wrfar\source\repos\gamesprogramming2assignment\warpbound\hornet\x64\debug\enemy.obj
c:\users\wrfar\source\repos\gamesprogramming2assignment\warpbound\hornet\x64\debug\cursor.obj
c:\users\wrfar\source\repos\gamesprogramming2assignment\warpbound\hornet\x64\debug\counter.obj
c:\users\wrfar\source\repos\gamesprogramming2assignment\warpbound\hornet\x64\debug\button.obj
c:\users\wrfar\source\repos\gamesprogramming2assignment\warpbound\hornet\x64\debug\bullet.obj
c:\users\wrfar\source\repos\gamesprogramming2assignment\warpbound\hornet\x64\debug\animator.obj
c:\users\wrfar\source\repos\gamesprogramming2assignment\warpbound\hornet\x64\debug\angle.obj
c:\users\wrfar\source\repos\gamesprogramming2assignment\warpbound\hornet\x64\debug\spacestation.obj
c:\users\wrfar\source\repos\gamesprogramming2assignment\warpbound\hornet\x64\debug\spaceshipweapon.obj
c:\users\wrfar\source\repos\gamesprogramming2assignment\warpbound\hornet\x64\debug\spaceship.obj
c:\users\wrfar\source\repos\gamesprogramming2assignment\warpbound\hornet\x64\debug\slidingbar.obj
c:\users\wrfar\source\repos\gamesprogramming2assignment\warpbound\hornet\x64\debug\shopitem.obj
c:\users\wrfar\source\repos\gamesprogramming2assignment\warpbound\hornet\x64\debug\shop.obj
c:\users\wrfar\source\repos\gamesprogramming2assignment\warpbound\hornet\x64\debug\shapes.obj
c:\users\wrfar\source\repos\gamesprogramming2assignment\warpbound\hornet\x64\debug\objectmanager.obj
c:\users\wrfar\source\repos\gamesprogramming2assignment\warpbound\hornet\x64\debug\main.obj
c:\users\wrfar\source\repos\gamesprogramming2assignment\warpbound\hornet\x64\debug\settings.obj
c:\users\wrfar\source\repos\gamesprogramming2assignment\warpbound\hornet\x64\debug\projectile.obj
c:\users\wrfar\source\repos\gamesprogramming2assignment\warpbound\hornet\x64\debug\planet.obj
c:\users\wrfar\source\repos\gamesprogramming2assignment\warpbound\hornet\x64\debug\missilelauncher.obj
c:\users\wrfar\source\repos\gamesprogramming2assignment\warpbound\hornet\x64\debug\missile.obj
c:\users\wrfar\source\repos\gamesprogramming2assignment\warpbound\hornet\x64\debug\maingun.obj
c:\users\wrfar\source\repos\gamesprogramming2assignment\warpbound\hornet\x64\debug\hudfont.obj
c:\users\wrfar\source\repos\gamesprogramming2assignment\warpbound\hornet\x64\debug\hudelement.obj
c:\users\wrfar\source\repos\gamesprogramming2assignment\warpbound\hornet\x64\debug\hudanchors.obj
c:\users\wrfar\source\repos\gamesprogramming2assignment\warpbound\hornet\x64\debug\hud.obj
c:\users\wrfar\source\repos\gamesprogramming2assignment\warpbound\hornet\x64\debug\htmouse.obj
c:\users\wrfar\source\repos\gamesprogramming2assignment\warpbound\hornet\x64\debug\vector2d.obj
c:\users\wrfar\source\repos\gamesprogramming2assignment\warpbound\x64\debug\hornet.exe
c:\users\wrfar\source\repos\gamesprogramming2assignment\warpbound\x64\debug\hornet.pdb
c:\users\wrfar\source\repos\gamesprogramming2assignment\warpbound\hornet\x64\debug\hornet.ilk
c:\users\wrfar\source\repos\gamesprogramming2assignment\warpbound\hornet\x64\debug\hornet.tlog\cl.command.1.tlog
c:\users\wrfar\source\repos\gamesprogramming2assignment\warpbound\hornet\x64\debug\hornet.tlog\cl.items.tlog
c:\users\wrfar\source\repos\gamesprogramming2assignment\warpbound\hornet\x64\debug\hornet.tlog\cl.read.1.tlog
c:\users\wrfar\source\repos\gamesprogramming2assignment\warpbound\hornet\x64\debug\hornet.tlog\cl.write.1.tlog
c:\users\wrfar\source\repos\gamesprogramming2assignment\warpbound\hornet\x64\debug\hornet.tlog\link.command.1.tlog
c:\users\wrfar\source\repos\gamesprogramming2assignment\warpbound\hornet\x64\debug\hornet.tlog\link.read.1.tlog
c:\users\wrfar\source\repos\gamesprogramming2assignment\warpbound\hornet\x64\debug\hornet.tlog\link.secondary.1.tlog
c:\users\wrfar\source\repos\gamesprogramming2assignment\warpbound\hornet\x64\debug\hornet.tlog\link.write.1.tlog
